<?xml version="1.0" encoding="UTF-8"?>
<!-- Generated by org.testng.reporters.JUnitReportReporter -->
<testsuite skipped="0" hostname="TP-LAP0037" name="com.AdminUser_Execution_Classes.AdminUser_NewWorkOrder_AutomationTesting" tests="1" failures="0" timestamp="2021-10-14T12:21:19 IST" time="17.884" errors="0">
  <testcase name="LaunchGoClinicalAPP" time="17.884" classname="com.AdminUser_Execution_Classes.AdminUser_NewWorkOrder_AutomationTesting"/>
  <system-out/>
</testsuite> <!-- com.AdminUser_Execution_Classes.AdminUser_NewWorkOrder_AutomationTesting -->
