<?xml version="1.0" encoding="UTF-8"?>
<!-- Generated by org.testng.reporters.JUnitReportReporter -->
<testsuite skipped="0" hostname="TP-LAP0037" name="com.AdminUser_Execution_Classes.AdminUser_NewWorkOrder" tests="1" failures="0" timestamp="2021-10-15T16:55:40 IST" time="25.685" errors="0">
  <testcase name="LaunchGoClinicalAPP" time="25.685" classname="com.AdminUser_Execution_Classes.AdminUser_NewWorkOrder"/>
  <system-out/>
</testsuite> <!-- com.AdminUser_Execution_Classes.AdminUser_NewWorkOrder -->
