<?xml version="1.0" encoding="UTF-8"?>
<!-- Generated by org.testng.reporters.JUnitReportReporter -->
<testsuite skipped="0" hostname="TP-LAP0037" name="com.AdminUser_Execution_Classes.AdminUser_ReviewRecords" tests="1" failures="0" timestamp="2021-10-07T00:04:10 IST" time="13.496" errors="0">
  <testcase name="LaunchGoClinicalAPP" time="13.496" classname="com.AdminUser_Execution_Classes.AdminUser_ReviewRecords"/>
  <system-out/>
</testsuite> <!-- com.AdminUser_Execution_Classes.AdminUser_ReviewRecords -->
