<?xml version="1.0" encoding="UTF-8"?>
<!-- Generated by org.testng.reporters.JUnitReportReporter -->
<testsuite skipped="0" hostname="TP-LAP0037" name="com.AdminUser.Pages.AdminUser_NewWorkOrder" tests="1" failures="0" timestamp="2021-09-23T16:18:34 IST" time="8.608" errors="0">
  <testcase name="LaunchGoClinicalAPP" time="8.608" classname="com.AdminUser.Pages.AdminUser_NewWorkOrder"/>
  <system-out/>
</testsuite> <!-- com.AdminUser.Pages.AdminUser_NewWorkOrder -->
