<?xml version="1.0" encoding="UTF-8"?>
<!-- Generated by org.testng.reporters.JUnitReportReporter -->
<testsuite skipped="0" hostname="TP-LAP0037" name="com.AdminUser.Pages.NwClass" tests="1" failures="0" timestamp="2021-10-08T15:37:44 IST" time="23.276" errors="0">
  <testcase name="testCase0001" time="23.276" classname="com.AdminUser.Pages.NwClass"/>
  <system-out/>
</testsuite> <!-- com.AdminUser.Pages.NwClass -->
