<?xml version="1.0" encoding="UTF-8"?>
<!-- Generated by org.testng.reporters.JUnitReportReporter -->
<testsuite skipped="0" hostname="TP-LAP0037" name="com.NurseUser_Execution_Classes.NurseUser_MyWorkOrdersAndVitalSigns" tests="1" failures="0" timestamp="2021-10-13T23:36:30 IST" time="21.343" errors="0">
  <testcase name="LaunchGoClinicalAPP" time="21.343" classname="com.NurseUser_Execution_Classes.NurseUser_MyWorkOrdersAndVitalSigns"/>
  <system-out/>
</testsuite> <!-- com.NurseUser_Execution_Classes.NurseUser_MyWorkOrdersAndVitalSigns -->
