<?xml version="1.0" encoding="UTF-8"?>
<!-- Generated by org.testng.reporters.JUnitReportReporter -->
<testsuite skipped="0" hostname="TP-LAP0037" name="com.NurseUser_Execution_Classes.NurseUser_MyWorkOrdersAndVitalSigns" tests="1" failures="0" timestamp="2021-10-15T15:03:18 IST" time="47.967" errors="0">
  <testcase name="LaunchGoClinicalAPP" time="47.967" classname="com.NurseUser_Execution_Classes.NurseUser_MyWorkOrdersAndVitalSigns"/>
  <system-out/>
</testsuite> <!-- com.NurseUser_Execution_Classes.NurseUser_MyWorkOrdersAndVitalSigns -->
