<?xml version="1.0" encoding="UTF-8"?>
<!-- Generated by org.testng.reporters.JUnitReportReporter -->
<testsuite skipped="0" hostname="TP-LAP0037" name="com.NurseUser_Execution_Classes.NurseUser_MyWorkOrders_AutoTestingForm1" tests="1" failures="0" timestamp="2021-10-14T12:22:25 IST" time="24.525" errors="0">
  <testcase name="LaunchGoClinicalAPP" time="24.525" classname="com.NurseUser_Execution_Classes.NurseUser_MyWorkOrders_AutoTestingForm1"/>
  <system-out/>
</testsuite> <!-- com.NurseUser_Execution_Classes.NurseUser_MyWorkOrders_AutoTestingForm1 -->
