<?xml version="1.0" encoding="UTF-8"?>
<!-- Generated by org.testng.reporters.JUnitReportReporter -->
<testsuite skipped="3" hostname="TP-LAP0037" name="com.NurseUser_Execution_Classes.NurseUser_MyWorkOrders_AutoTestingForm1" tests="3" failures="0" timestamp="2021-10-15T19:05:49 IST" time="0.000" errors="0">
  <testcase name="LaunchGoClinicalAPP" time="0.000" classname="com.NurseUser_Execution_Classes.NurseUser_MyWorkOrders_AutoTestingForm1">
    <skipped/>
  </testcase> <!-- LaunchGoClinicalAPP -->
  <system-out/>
  <testcase name="LaunchGoClinicalAPP" time="0.000" classname="com.NurseUser_Execution_Classes.NurseUser_MyWorkOrders_AutoTestingForm1">
    <skipped/>
  </testcase> <!-- LaunchGoClinicalAPP -->
  <system-out/>
  <testcase name="LaunchGoClinicalAPP" time="0.000" classname="com.NurseUser_Execution_Classes.NurseUser_MyWorkOrders_AutoTestingForm1">
    <skipped/>
  </testcase> <!-- LaunchGoClinicalAPP -->
  <system-out/>
</testsuite> <!-- com.NurseUser_Execution_Classes.NurseUser_MyWorkOrders_AutoTestingForm1 -->
